  Validating sources
  Copying sources remotely to '192.168.0.135'
  Validating architecture
  Starting remote build
  Compiling sources:
  Camera.cpp
D:\WORK\STEM_Project\G1ControlServer\G1ControlServer\Commands.cpp(36,6): warning : unused variable ‘pulseWidth’ [-Wunused-variable]
D:\WORK\STEM_Project\G1ControlServer\G1ControlServer\Commands.cpp(36,6): warning :   int pulseWidth;
D:\WORK\STEM_Project\G1ControlServer\G1ControlServer\Commands.cpp(36,6): warning :       ^~~~~~~~~~
D:\WORK\STEM_Project\G1ControlServer\G1ControlServer\Commands.cpp(74,131): warning : conversion from ‘std::chrono::duration<long long int, std::ratio<1, 1000000> >::rep’ {aka ‘long long int’} to ‘long int’ may change value [-Wconversion]
D:\WORK\STEM_Project\G1ControlServer\G1ControlServer\Commands.cpp(76,31): warning : logical not is only applied to the left hand side of comparison [-Wlogical-not-parentheses]
D:\WORK\STEM_Project\G1ControlServer\G1ControlServer\Commands.cpp(76,31): warning :   while (!digitalRead(US_ECHO) == 1) {
D:\WORK\STEM_Project\G1ControlServer\G1ControlServer\Commands.cpp(76,31): warning :                                ^~
D:\WORK\STEM_Project\G1ControlServer\G1ControlServer\Commands.cpp(76,9): message : add parentheses around left hand side expression to silence this warning
D:\WORK\STEM_Project\G1ControlServer\G1ControlServer\Commands.cpp(76,9): message :   while (!digitalRead(US_ECHO) == 1) {
D:\WORK\STEM_Project\G1ControlServer\G1ControlServer\Commands.cpp(76,9): message :          ^~~~~~~~~~~~~~~~~~~~~
D:\WORK\STEM_Project\G1ControlServer\G1ControlServer\Commands.cpp(76,9): message :          (                    )
D:\WORK\STEM_Project\G1ControlServer\G1ControlServer\Commands.cpp(77,131): warning : conversion from ‘std::chrono::duration<long long int, std::ratio<1, 1000000> >::rep’ {aka ‘long long int’} to ‘long int’ may change value [-Wconversion]
D:\WORK\STEM_Project\G1ControlServer\G1ControlServer\Commands.cpp(83,131): warning : conversion from ‘std::chrono::duration<long long int, std::ratio<1, 1000000> >::rep’ {aka ‘long long int’} to ‘long int’ may change value [-Wconversion]
D:\WORK\STEM_Project\G1ControlServer\G1ControlServer\Commands.cpp(86,131): warning : conversion from ‘std::chrono::duration<long long int, std::ratio<1, 1000000> >::rep’ {aka ‘long long int’} to ‘long int’ may change value [-Wconversion]
D:\WORK\STEM_Project\G1ControlServer\G1ControlServer\Commands.cpp(92,130): warning : conversion from ‘std::chrono::duration<long long int, std::ratio<1, 1000000> >::rep’ {aka ‘long long int’} to ‘long int’ may change value [-Wconversion]
D:\WORK\STEM_Project\G1ControlServer\G1ControlServer\Commands.cpp(115,21): warning : conversion from ‘float’ to ‘long unsigned int’ may change value [-Wfloat-conversion]
D:\WORK\STEM_Project\G1ControlServer\G1ControlServer\Commands.cpp(115,21): warning :    ultrasonic[num] = distance;
D:\WORK\STEM_Project\G1ControlServer\G1ControlServer\Commands.cpp(115,21): warning :                      ^~~~~~~~
D:\WORK\STEM_Project\G1ControlServer\G1ControlServer\Commands.cpp(121,61): warning : conversion from ‘long unsigned int’ to ‘float’ may change value [-Wconversion]
D:\WORK\STEM_Project\G1ControlServer\G1ControlServer\Commands.cpp(121,61): warning :   distance = (ultrasonic[1] + ultrasonic[2] + ultrasonic[3]) / 3;
D:\WORK\STEM_Project\G1ControlServer\G1ControlServer\Commands.cpp(121,61): warning :              ~~~~~~~~~~~~~~~~~~~~~~~~~~~~~~~~~~~~~~~~~~~~~~~~^~~
D:\WORK\STEM_Project\G1ControlServer\G1ControlServer\Commands.cpp(98,13): warning : ‘void Commands::GetDistance(std::mutex&, float&)’ defined but not used [-Wunused-function]
D:\WORK\STEM_Project\G1ControlServer\G1ControlServer\Commands.cpp(56,13): warning : ‘void Commands::SetColor(std::mutex&, bool, bool, bool)’ defined but not used [-Wunused-function]
D:\WORK\STEM_Project\G1ControlServer\G1ControlServer\Commands.cpp(50,13): warning : ‘void Commands::SetPin(std::mutex&, int, bool)’ defined but not used [-Wunused-function]
D:\WORK\STEM_Project\G1ControlServer\G1ControlServer\Commands.cpp(34,13): warning : ‘void Commands::ServoScan(std::mutex&, int)’ defined but not used [-Wunused-function]
D:\WORK\STEM_Project\G1ControlServer\G1ControlServer\Commands.cpp(22,13): warning : ‘void Commands::DriveCommand(std::mutex&, bool, bool, int, bool, bool, int)’ defined but not used [-Wunused-function]
  Commands.cpp
D:\WORK\STEM_Project\G1ControlServer\G1ControlServer\Commands.cpp(36,6): warning : unused variable ‘pulseWidth’ [-Wunused-variable]
D:\WORK\STEM_Project\G1ControlServer\G1ControlServer\Commands.cpp(36,6): warning :   int pulseWidth;
D:\WORK\STEM_Project\G1ControlServer\G1ControlServer\Commands.cpp(36,6): warning :       ^~~~~~~~~~
D:\WORK\STEM_Project\G1ControlServer\G1ControlServer\Commands.cpp(74,131): warning : conversion from ‘std::chrono::duration<long long int, std::ratio<1, 1000000> >::rep’ {aka ‘long long int’} to ‘long int’ may change value [-Wconversion]
D:\WORK\STEM_Project\G1ControlServer\G1ControlServer\Commands.cpp(76,31): warning : logical not is only applied to the left hand side of comparison [-Wlogical-not-parentheses]
D:\WORK\STEM_Project\G1ControlServer\G1ControlServer\Commands.cpp(76,31): warning :   while (!digitalRead(US_ECHO) == 1) {
D:\WORK\STEM_Project\G1ControlServer\G1ControlServer\Commands.cpp(76,31): warning :                                ^~
D:\WORK\STEM_Project\G1ControlServer\G1ControlServer\Commands.cpp(76,9): message : add parentheses around left hand side expression to silence this warning
D:\WORK\STEM_Project\G1ControlServer\G1ControlServer\Commands.cpp(76,9): message :   while (!digitalRead(US_ECHO) == 1) {
D:\WORK\STEM_Project\G1ControlServer\G1ControlServer\Commands.cpp(76,9): message :          ^~~~~~~~~~~~~~~~~~~~~
D:\WORK\STEM_Project\G1ControlServer\G1ControlServer\Commands.cpp(76,9): message :          (                    )
D:\WORK\STEM_Project\G1ControlServer\G1ControlServer\Commands.cpp(77,131): warning : conversion from ‘std::chrono::duration<long long int, std::ratio<1, 1000000> >::rep’ {aka ‘long long int’} to ‘long int’ may change value [-Wconversion]
D:\WORK\STEM_Project\G1ControlServer\G1ControlServer\Commands.cpp(83,131): warning : conversion from ‘std::chrono::duration<long long int, std::ratio<1, 1000000> >::rep’ {aka ‘long long int’} to ‘long int’ may change value [-Wconversion]
D:\WORK\STEM_Project\G1ControlServer\G1ControlServer\Commands.cpp(86,131): warning : conversion from ‘std::chrono::duration<long long int, std::ratio<1, 1000000> >::rep’ {aka ‘long long int’} to ‘long int’ may change value [-Wconversion]
D:\WORK\STEM_Project\G1ControlServer\G1ControlServer\Commands.cpp(92,130): warning : conversion from ‘std::chrono::duration<long long int, std::ratio<1, 1000000> >::rep’ {aka ‘long long int’} to ‘long int’ may change value [-Wconversion]
D:\WORK\STEM_Project\G1ControlServer\G1ControlServer\Commands.cpp(115,21): warning : conversion from ‘float’ to ‘long unsigned int’ may change value [-Wfloat-conversion]
D:\WORK\STEM_Project\G1ControlServer\G1ControlServer\Commands.cpp(115,21): warning :    ultrasonic[num] = distance;
D:\WORK\STEM_Project\G1ControlServer\G1ControlServer\Commands.cpp(115,21): warning :                      ^~~~~~~~
D:\WORK\STEM_Project\G1ControlServer\G1ControlServer\Commands.cpp(121,61): warning : conversion from ‘long unsigned int’ to ‘float’ may change value [-Wconversion]
D:\WORK\STEM_Project\G1ControlServer\G1ControlServer\Commands.cpp(121,61): warning :   distance = (ultrasonic[1] + ultrasonic[2] + ultrasonic[3]) / 3;
D:\WORK\STEM_Project\G1ControlServer\G1ControlServer\Commands.cpp(121,61): warning :              ~~~~~~~~~~~~~~~~~~~~~~~~~~~~~~~~~~~~~~~~~~~~~~~~^~~
D:\WORK\STEM_Project\G1ControlServer\G1ControlServer\Commands.cpp(98,13): warning : ‘void Commands::GetDistance(std::mutex&, float&)’ defined but not used [-Wunused-function]
D:\WORK\STEM_Project\G1ControlServer\G1ControlServer\Commands.cpp(56,13): warning : ‘void Commands::SetColor(std::mutex&, bool, bool, bool)’ defined but not used [-Wunused-function]
D:\WORK\STEM_Project\G1ControlServer\G1ControlServer\Commands.cpp(50,13): warning : ‘void Commands::SetPin(std::mutex&, int, bool)’ defined but not used [-Wunused-function]
D:\WORK\STEM_Project\G1ControlServer\G1ControlServer\Commands.cpp(34,13): warning : ‘void Commands::ServoScan(std::mutex&, int)’ defined but not used [-Wunused-function]
D:\WORK\STEM_Project\G1ControlServer\G1ControlServer\Commands.cpp(22,13): warning : ‘void Commands::DriveCommand(std::mutex&, bool, bool, int, bool, bool, int)’ defined but not used [-Wunused-function]
  Drive.cpp
D:\WORK\STEM_Project\G1ControlServer\G1ControlServer\Commands.cpp(36,6): warning : unused variable ‘pulseWidth’ [-Wunused-variable]
D:\WORK\STEM_Project\G1ControlServer\G1ControlServer\Commands.cpp(36,6): warning :   int pulseWidth;
D:\WORK\STEM_Project\G1ControlServer\G1ControlServer\Commands.cpp(36,6): warning :       ^~~~~~~~~~
D:\WORK\STEM_Project\G1ControlServer\G1ControlServer\Commands.cpp(74,131): warning : conversion from ‘std::chrono::duration<long long int, std::ratio<1, 1000000> >::rep’ {aka ‘long long int’} to ‘long int’ may change value [-Wconversion]
D:\WORK\STEM_Project\G1ControlServer\G1ControlServer\Commands.cpp(76,31): warning : logical not is only applied to the left hand side of comparison [-Wlogical-not-parentheses]
D:\WORK\STEM_Project\G1ControlServer\G1ControlServer\Commands.cpp(76,31): warning :   while (!digitalRead(US_ECHO) == 1) {
D:\WORK\STEM_Project\G1ControlServer\G1ControlServer\Commands.cpp(76,31): warning :                                ^~
D:\WORK\STEM_Project\G1ControlServer\G1ControlServer\Commands.cpp(76,9): message : add parentheses around left hand side expression to silence this warning
D:\WORK\STEM_Project\G1ControlServer\G1ControlServer\Commands.cpp(76,9): message :   while (!digitalRead(US_ECHO) == 1) {
D:\WORK\STEM_Project\G1ControlServer\G1ControlServer\Commands.cpp(76,9): message :          ^~~~~~~~~~~~~~~~~~~~~
D:\WORK\STEM_Project\G1ControlServer\G1ControlServer\Commands.cpp(76,9): message :          (                    )
D:\WORK\STEM_Project\G1ControlServer\G1ControlServer\Commands.cpp(77,131): warning : conversion from ‘std::chrono::duration<long long int, std::ratio<1, 1000000> >::rep’ {aka ‘long long int’} to ‘long int’ may change value [-Wconversion]
D:\WORK\STEM_Project\G1ControlServer\G1ControlServer\Commands.cpp(83,131): warning : conversion from ‘std::chrono::duration<long long int, std::ratio<1, 1000000> >::rep’ {aka ‘long long int’} to ‘long int’ may change value [-Wconversion]
D:\WORK\STEM_Project\G1ControlServer\G1ControlServer\Commands.cpp(86,131): warning : conversion from ‘std::chrono::duration<long long int, std::ratio<1, 1000000> >::rep’ {aka ‘long long int’} to ‘long int’ may change value [-Wconversion]
D:\WORK\STEM_Project\G1ControlServer\G1ControlServer\Commands.cpp(92,130): warning : conversion from ‘std::chrono::duration<long long int, std::ratio<1, 1000000> >::rep’ {aka ‘long long int’} to ‘long int’ may change value [-Wconversion]
D:\WORK\STEM_Project\G1ControlServer\G1ControlServer\Commands.cpp(115,21): warning : conversion from ‘float’ to ‘long unsigned int’ may change value [-Wfloat-conversion]
D:\WORK\STEM_Project\G1ControlServer\G1ControlServer\Commands.cpp(115,21): warning :    ultrasonic[num] = distance;
D:\WORK\STEM_Project\G1ControlServer\G1ControlServer\Commands.cpp(115,21): warning :                      ^~~~~~~~
D:\WORK\STEM_Project\G1ControlServer\G1ControlServer\Commands.cpp(121,61): warning : conversion from ‘long unsigned int’ to ‘float’ may change value [-Wconversion]
D:\WORK\STEM_Project\G1ControlServer\G1ControlServer\Commands.cpp(121,61): warning :   distance = (ultrasonic[1] + ultrasonic[2] + ultrasonic[3]) / 3;
D:\WORK\STEM_Project\G1ControlServer\G1ControlServer\Commands.cpp(121,61): warning :              ~~~~~~~~~~~~~~~~~~~~~~~~~~~~~~~~~~~~~~~~~~~~~~~~^~~
D:\WORK\STEM_Project\G1ControlServer\G1ControlServer\Commands.cpp(98,13): warning : ‘void Commands::GetDistance(std::mutex&, float&)’ defined but not used [-Wunused-function]
D:\WORK\STEM_Project\G1ControlServer\G1ControlServer\Commands.cpp(56,13): warning : ‘void Commands::SetColor(std::mutex&, bool, bool, bool)’ defined but not used [-Wunused-function]
D:\WORK\STEM_Project\G1ControlServer\G1ControlServer\Commands.cpp(50,13): warning : ‘void Commands::SetPin(std::mutex&, int, bool)’ defined but not used [-Wunused-function]
D:\WORK\STEM_Project\G1ControlServer\G1ControlServer\Commands.cpp(34,13): warning : ‘void Commands::ServoScan(std::mutex&, int)’ defined but not used [-Wunused-function]
  FrontServo.cpp
D:\WORK\STEM_Project\G1ControlServer\G1ControlServer\Commands.cpp(36,6): warning : unused variable ‘pulseWidth’ [-Wunused-variable]
D:\WORK\STEM_Project\G1ControlServer\G1ControlServer\Commands.cpp(36,6): warning :   int pulseWidth;
D:\WORK\STEM_Project\G1ControlServer\G1ControlServer\Commands.cpp(36,6): warning :       ^~~~~~~~~~
D:\WORK\STEM_Project\G1ControlServer\G1ControlServer\Commands.cpp(74,131): warning : conversion from ‘std::chrono::duration<long long int, std::ratio<1, 1000000> >::rep’ {aka ‘long long int’} to ‘long int’ may change value [-Wconversion]
D:\WORK\STEM_Project\G1ControlServer\G1ControlServer\Commands.cpp(76,31): warning : logical not is only applied to the left hand side of comparison [-Wlogical-not-parentheses]
D:\WORK\STEM_Project\G1ControlServer\G1ControlServer\Commands.cpp(76,31): warning :   while (!digitalRead(US_ECHO) == 1) {
D:\WORK\STEM_Project\G1ControlServer\G1ControlServer\Commands.cpp(76,31): warning :                                ^~
D:\WORK\STEM_Project\G1ControlServer\G1ControlServer\Commands.cpp(76,9): message : add parentheses around left hand side expression to silence this warning
D:\WORK\STEM_Project\G1ControlServer\G1ControlServer\Commands.cpp(76,9): message :   while (!digitalRead(US_ECHO) == 1) {
D:\WORK\STEM_Project\G1ControlServer\G1ControlServer\Commands.cpp(76,9): message :          ^~~~~~~~~~~~~~~~~~~~~
D:\WORK\STEM_Project\G1ControlServer\G1ControlServer\Commands.cpp(76,9): message :          (                    )
D:\WORK\STEM_Project\G1ControlServer\G1ControlServer\Commands.cpp(77,131): warning : conversion from ‘std::chrono::duration<long long int, std::ratio<1, 1000000> >::rep’ {aka ‘long long int’} to ‘long int’ may change value [-Wconversion]
D:\WORK\STEM_Project\G1ControlServer\G1ControlServer\Commands.cpp(83,131): warning : conversion from ‘std::chrono::duration<long long int, std::ratio<1, 1000000> >::rep’ {aka ‘long long int’} to ‘long int’ may change value [-Wconversion]
D:\WORK\STEM_Project\G1ControlServer\G1ControlServer\Commands.cpp(86,131): warning : conversion from ‘std::chrono::duration<long long int, std::ratio<1, 1000000> >::rep’ {aka ‘long long int’} to ‘long int’ may change value [-Wconversion]
D:\WORK\STEM_Project\G1ControlServer\G1ControlServer\Commands.cpp(92,130): warning : conversion from ‘std::chrono::duration<long long int, std::ratio<1, 1000000> >::rep’ {aka ‘long long int’} to ‘long int’ may change value [-Wconversion]
D:\WORK\STEM_Project\G1ControlServer\G1ControlServer\Commands.cpp(115,21): warning : conversion from ‘float’ to ‘long unsigned int’ may change value [-Wfloat-conversion]
D:\WORK\STEM_Project\G1ControlServer\G1ControlServer\Commands.cpp(115,21): warning :    ultrasonic[num] = distance;
D:\WORK\STEM_Project\G1ControlServer\G1ControlServer\Commands.cpp(115,21): warning :                      ^~~~~~~~
D:\WORK\STEM_Project\G1ControlServer\G1ControlServer\Commands.cpp(121,61): warning : conversion from ‘long unsigned int’ to ‘float’ may change value [-Wconversion]
D:\WORK\STEM_Project\G1ControlServer\G1ControlServer\Commands.cpp(121,61): warning :   distance = (ultrasonic[1] + ultrasonic[2] + ultrasonic[3]) / 3;
D:\WORK\STEM_Project\G1ControlServer\G1ControlServer\Commands.cpp(121,61): warning :              ~~~~~~~~~~~~~~~~~~~~~~~~~~~~~~~~~~~~~~~~~~~~~~~~^~~
D:\WORK\STEM_Project\G1ControlServer\G1ControlServer\Commands.cpp(98,13): warning : ‘void Commands::GetDistance(std::mutex&, float&)’ defined but not used [-Wunused-function]
D:\WORK\STEM_Project\G1ControlServer\G1ControlServer\Commands.cpp(56,13): warning : ‘void Commands::SetColor(std::mutex&, bool, bool, bool)’ defined but not used [-Wunused-function]
D:\WORK\STEM_Project\G1ControlServer\G1ControlServer\Commands.cpp(50,13): warning : ‘void Commands::SetPin(std::mutex&, int, bool)’ defined but not used [-Wunused-function]
D:\WORK\STEM_Project\G1ControlServer\G1ControlServer\Commands.cpp(22,13): warning : ‘void Commands::DriveCommand(std::mutex&, bool, bool, int, bool, bool, int)’ defined but not used [-Wunused-function]
  LED.cpp
D:\WORK\STEM_Project\G1ControlServer\G1ControlServer\Commands.cpp(36,6): warning : unused variable ‘pulseWidth’ [-Wunused-variable]
D:\WORK\STEM_Project\G1ControlServer\G1ControlServer\Commands.cpp(36,6): warning :   int pulseWidth;
D:\WORK\STEM_Project\G1ControlServer\G1ControlServer\Commands.cpp(36,6): warning :       ^~~~~~~~~~
D:\WORK\STEM_Project\G1ControlServer\G1ControlServer\Commands.cpp(74,131): warning : conversion from ‘std::chrono::duration<long long int, std::ratio<1, 1000000> >::rep’ {aka ‘long long int’} to ‘long int’ may change value [-Wconversion]
D:\WORK\STEM_Project\G1ControlServer\G1ControlServer\Commands.cpp(76,31): warning : logical not is only applied to the left hand side of comparison [-Wlogical-not-parentheses]
D:\WORK\STEM_Project\G1ControlServer\G1ControlServer\Commands.cpp(76,31): warning :   while (!digitalRead(US_ECHO) == 1) {
D:\WORK\STEM_Project\G1ControlServer\G1ControlServer\Commands.cpp(76,31): warning :                                ^~
D:\WORK\STEM_Project\G1ControlServer\G1ControlServer\Commands.cpp(76,9): message : add parentheses around left hand side expression to silence this warning
D:\WORK\STEM_Project\G1ControlServer\G1ControlServer\Commands.cpp(76,9): message :   while (!digitalRead(US_ECHO) == 1) {
D:\WORK\STEM_Project\G1ControlServer\G1ControlServer\Commands.cpp(76,9): message :          ^~~~~~~~~~~~~~~~~~~~~
D:\WORK\STEM_Project\G1ControlServer\G1ControlServer\Commands.cpp(76,9): message :          (                    )
D:\WORK\STEM_Project\G1ControlServer\G1ControlServer\Commands.cpp(77,131): warning : conversion from ‘std::chrono::duration<long long int, std::ratio<1, 1000000> >::rep’ {aka ‘long long int’} to ‘long int’ may change value [-Wconversion]
D:\WORK\STEM_Project\G1ControlServer\G1ControlServer\Commands.cpp(83,131): warning : conversion from ‘std::chrono::duration<long long int, std::ratio<1, 1000000> >::rep’ {aka ‘long long int’} to ‘long int’ may change value [-Wconversion]
D:\WORK\STEM_Project\G1ControlServer\G1ControlServer\Commands.cpp(86,131): warning : conversion from ‘std::chrono::duration<long long int, std::ratio<1, 1000000> >::rep’ {aka ‘long long int’} to ‘long int’ may change value [-Wconversion]
D:\WORK\STEM_Project\G1ControlServer\G1ControlServer\Commands.cpp(92,130): warning : conversion from ‘std::chrono::duration<long long int, std::ratio<1, 1000000> >::rep’ {aka ‘long long int’} to ‘long int’ may change value [-Wconversion]
D:\WORK\STEM_Project\G1ControlServer\G1ControlServer\Commands.cpp(115,21): warning : conversion from ‘float’ to ‘long unsigned int’ may change value [-Wfloat-conversion]
D:\WORK\STEM_Project\G1ControlServer\G1ControlServer\Commands.cpp(115,21): warning :    ultrasonic[num] = distance;
D:\WORK\STEM_Project\G1ControlServer\G1ControlServer\Commands.cpp(115,21): warning :                      ^~~~~~~~
D:\WORK\STEM_Project\G1ControlServer\G1ControlServer\Commands.cpp(121,61): warning : conversion from ‘long unsigned int’ to ‘float’ may change value [-Wconversion]
D:\WORK\STEM_Project\G1ControlServer\G1ControlServer\Commands.cpp(121,61): warning :   distance = (ultrasonic[1] + ultrasonic[2] + ultrasonic[3]) / 3;
D:\WORK\STEM_Project\G1ControlServer\G1ControlServer\Commands.cpp(121,61): warning :              ~~~~~~~~~~~~~~~~~~~~~~~~~~~~~~~~~~~~~~~~~~~~~~~~^~~
D:\WORK\STEM_Project\G1ControlServer\G1ControlServer\Commands.cpp(98,13): warning : ‘void Commands::GetDistance(std::mutex&, float&)’ defined but not used [-Wunused-function]
D:\WORK\STEM_Project\G1ControlServer\G1ControlServer\Commands.cpp(50,13): warning : ‘void Commands::SetPin(std::mutex&, int, bool)’ defined but not used [-Wunused-function]
D:\WORK\STEM_Project\G1ControlServer\G1ControlServer\Commands.cpp(34,13): warning : ‘void Commands::ServoScan(std::mutex&, int)’ defined but not used [-Wunused-function]
D:\WORK\STEM_Project\G1ControlServer\G1ControlServer\Commands.cpp(22,13): warning : ‘void Commands::DriveCommand(std::mutex&, bool, bool, int, bool, bool, int)’ defined but not used [-Wunused-function]
  UltraSound.cpp
D:\WORK\STEM_Project\G1ControlServer\G1ControlServer\Commands.cpp(36,6): warning : unused variable ‘pulseWidth’ [-Wunused-variable]
D:\WORK\STEM_Project\G1ControlServer\G1ControlServer\Commands.cpp(36,6): warning :   int pulseWidth;
D:\WORK\STEM_Project\G1ControlServer\G1ControlServer\Commands.cpp(36,6): warning :       ^~~~~~~~~~
D:\WORK\STEM_Project\G1ControlServer\G1ControlServer\Commands.cpp(74,131): warning : conversion from ‘std::chrono::duration<long long int, std::ratio<1, 1000000> >::rep’ {aka ‘long long int’} to ‘long int’ may change value [-Wconversion]
D:\WORK\STEM_Project\G1ControlServer\G1ControlServer\Commands.cpp(76,31): warning : logical not is only applied to the left hand side of comparison [-Wlogical-not-parentheses]
D:\WORK\STEM_Project\G1ControlServer\G1ControlServer\Commands.cpp(76,31): warning :   while (!digitalRead(US_ECHO) == 1) {
D:\WORK\STEM_Project\G1ControlServer\G1ControlServer\Commands.cpp(76,31): warning :                                ^~
D:\WORK\STEM_Project\G1ControlServer\G1ControlServer\Commands.cpp(76,9): message : add parentheses around left hand side expression to silence this warning
D:\WORK\STEM_Project\G1ControlServer\G1ControlServer\Commands.cpp(76,9): message :   while (!digitalRead(US_ECHO) == 1) {
D:\WORK\STEM_Project\G1ControlServer\G1ControlServer\Commands.cpp(76,9): message :          ^~~~~~~~~~~~~~~~~~~~~
D:\WORK\STEM_Project\G1ControlServer\G1ControlServer\Commands.cpp(76,9): message :          (                    )
D:\WORK\STEM_Project\G1ControlServer\G1ControlServer\Commands.cpp(77,131): warning : conversion from ‘std::chrono::duration<long long int, std::ratio<1, 1000000> >::rep’ {aka ‘long long int’} to ‘long int’ may change value [-Wconversion]
D:\WORK\STEM_Project\G1ControlServer\G1ControlServer\Commands.cpp(83,131): warning : conversion from ‘std::chrono::duration<long long int, std::ratio<1, 1000000> >::rep’ {aka ‘long long int’} to ‘long int’ may change value [-Wconversion]
D:\WORK\STEM_Project\G1ControlServer\G1ControlServer\Commands.cpp(86,131): warning : conversion from ‘std::chrono::duration<long long int, std::ratio<1, 1000000> >::rep’ {aka ‘long long int’} to ‘long int’ may change value [-Wconversion]
D:\WORK\STEM_Project\G1ControlServer\G1ControlServer\Commands.cpp(92,130): warning : conversion from ‘std::chrono::duration<long long int, std::ratio<1, 1000000> >::rep’ {aka ‘long long int’} to ‘long int’ may change value [-Wconversion]
D:\WORK\STEM_Project\G1ControlServer\G1ControlServer\Commands.cpp(115,21): warning : conversion from ‘float’ to ‘long unsigned int’ may change value [-Wfloat-conversion]
D:\WORK\STEM_Project\G1ControlServer\G1ControlServer\Commands.cpp(115,21): warning :    ultrasonic[num] = distance;
D:\WORK\STEM_Project\G1ControlServer\G1ControlServer\Commands.cpp(115,21): warning :                      ^~~~~~~~
D:\WORK\STEM_Project\G1ControlServer\G1ControlServer\Commands.cpp(121,61): warning : conversion from ‘long unsigned int’ to ‘float’ may change value [-Wconversion]
D:\WORK\STEM_Project\G1ControlServer\G1ControlServer\Commands.cpp(121,61): warning :   distance = (ultrasonic[1] + ultrasonic[2] + ultrasonic[3]) / 3;
D:\WORK\STEM_Project\G1ControlServer\G1ControlServer\Commands.cpp(121,61): warning :              ~~~~~~~~~~~~~~~~~~~~~~~~~~~~~~~~~~~~~~~~~~~~~~~~^~~
D:\WORK\STEM_Project\G1ControlServer\G1ControlServer\Commands.cpp(56,13): warning : ‘void Commands::SetColor(std::mutex&, bool, bool, bool)’ defined but not used [-Wunused-function]
D:\WORK\STEM_Project\G1ControlServer\G1ControlServer\Commands.cpp(50,13): warning : ‘void Commands::SetPin(std::mutex&, int, bool)’ defined but not used [-Wunused-function]
D:\WORK\STEM_Project\G1ControlServer\G1ControlServer\Commands.cpp(34,13): warning : ‘void Commands::ServoScan(std::mutex&, int)’ defined but not used [-Wunused-function]
D:\WORK\STEM_Project\G1ControlServer\G1ControlServer\Commands.cpp(22,13): warning : ‘void Commands::DriveCommand(std::mutex&, bool, bool, int, bool, bool, int)’ defined but not used [-Wunused-function]
  Linking objects
  G1ControlServer.vcxproj -> D:\WORK\STEM_Project\G1ControlServer\G1ControlServer\bin\ARM\Debug\G1ControlServer.out
